<?xml version="1.0" encoding="UTF-8"?>
<testsuite xmlns:xsi="http://www.w3.org/2001/XMLSchema-instance" xsi:noNamespaceSchemaLocation="https://maven.apache.org/surefire/maven-surefire-plugin/xsd/surefire-test-report.xsd" version="3.0.2" name="br.com.frederico.vr.VrApplicationTests" time="4.658" tests="1" errors="0" skipped="0" failures="0">
  <properties>
[...]
</properties>
  <testcase name="contextLoads" classname="br.com.frederico.vr.VrApplicationTests" time="0.357">
    <system-out><![CDATA[22:52:22.446 [main] INFO org.springframework.test.context.support.AnnotationConfigContextLoaderUtils -- Could not detect default configuration classes for test class [br.com.frederico.vr.VrApplicationTests]: VrApplicationTests does not declare any static, non-private, non-final, nested classes annotated with @Configuration.
22:52:22.539 [main] INFO org.springframework.boot.test.context.SpringBootTestContextBootstrapper -- Found @SpringBootConfiguration br.com.frederico.vr.VrApplication for test class br.com.frederico.vr.VrApplicationTests
22:52:22.651 [main] INFO org.springframework.boot.devtools.restart.RestartApplicationListener -- Restart disabled due to context in which it is running

  .   ____          _            __ _ _
 /\\ / ___'_ __ _ _(_)_ __  __ _ \ \ \ \
( ( )\___ | '_ | '_| | '_ \/ _` | \ \ \ \
 \\/  ___)| |_)| | | | | || (_| |  ) ) ) )
  '  |____| .__|_| |_|_| |_\__, | / / / /
 =========|_|==============|___/=/_/_/_/

 :: Spring Boot ::                (v3.5.3)

2025-07-09T22:52:22.849-03:00  INFO 63182 --- [vr] [           main] br.com.frederico.vr.VrApplicationTests   : Starting VrApplicationTests using Java 23.0.2 with PID 63182 (started by fredericocarvalhodealmeidaazevedo in /Users/fredericocarvalhodealmeidaazevedo/Documents/Desenvolvimento/VR/teste-vr)
2025-07-09T22:52:22.851-03:00  INFO 63182 --- [vr] [           main] br.com.frederico.vr.VrApplicationTests   : No active profile set, falling back to 1 default profile: "default"
2025-07-09T22:52:23.428-03:00  INFO 63182 --- [vr] [           main] .s.d.r.c.RepositoryConfigurationDelegate : Bootstrapping Spring Data JPA repositories in DEFAULT mode.
2025-07-09T22:52:23.473-03:00  INFO 63182 --- [vr] [           main] .s.d.r.c.RepositoryConfigurationDelegate : Finished Spring Data repository scanning in 39 ms. Found 1 JPA repository interface.
2025-07-09T22:52:23.779-03:00  INFO 63182 --- [vr] [           main] com.zaxxer.hikari.HikariDataSource       : HikariPool-1 - Starting...
2025-07-09T22:52:23.958-03:00  INFO 63182 --- [vr] [           main] com.zaxxer.hikari.pool.HikariPool        : HikariPool-1 - Added connection org.postgresql.jdbc.PgConnection@1118d539
2025-07-09T22:52:23.960-03:00  INFO 63182 --- [vr] [           main] com.zaxxer.hikari.HikariDataSource       : HikariPool-1 - Start completed.
2025-07-09T22:52:24.021-03:00  INFO 63182 --- [vr] [           main] o.f.c.internal.license.VersionPrinter    : Flyway Community Edition 9.22.0 by Redgate
2025-07-09T22:52:24.021-03:00  INFO 63182 --- [vr] [           main] o.f.c.internal.license.VersionPrinter    : See release notes here: https://rd.gt/416ObMi
2025-07-09T22:52:24.022-03:00  INFO 63182 --- [vr] [           main] o.f.c.internal.license.VersionPrinter    : 
2025-07-09T22:52:24.031-03:00  INFO 63182 --- [vr] [           main] org.flywaydb.core.FlywayExecutor         : Database: jdbc:postgresql://localhost:5432/vr (PostgreSQL 17.2)
2025-07-09T22:52:24.036-03:00  WARN 63182 --- [vr] [           main] o.f.c.internal.database.base.Database    : Flyway upgrade recommended: PostgreSQL 17.2 is newer than this version of Flyway and support has not been tested. The latest supported version of PostgreSQL is 15.
2025-07-09T22:52:24.058-03:00  INFO 63182 --- [vr] [           main] o.f.core.internal.command.DbValidate     : Successfully validated 1 migration (execution time 00:00.015s)
2025-07-09T22:52:24.112-03:00  INFO 63182 --- [vr] [           main] o.f.core.internal.command.DbMigrate      : Current version of schema "public": 01
2025-07-09T22:52:24.114-03:00  INFO 63182 --- [vr] [           main] o.f.core.internal.command.DbMigrate      : Schema "public" is up to date. No migration necessary.
2025-07-09T22:52:24.177-03:00  INFO 63182 --- [vr] [           main] o.hibernate.jpa.internal.util.LogHelper  : HHH000204: Processing PersistenceUnitInfo [name: default]
2025-07-09T22:52:24.214-03:00  INFO 63182 --- [vr] [           main] org.hibernate.Version                    : HHH000412: Hibernate ORM core version 6.6.18.Final
2025-07-09T22:52:24.237-03:00  INFO 63182 --- [vr] [           main] o.h.c.internal.RegionFactoryInitiator    : HHH000026: Second-level cache disabled
2025-07-09T22:52:24.432-03:00  INFO 63182 --- [vr] [           main] o.s.o.j.p.SpringPersistenceUnitInfo      : No LoadTimeWeaver setup: ignoring JPA class transformer
2025-07-09T22:52:24.467-03:00  WARN 63182 --- [vr] [           main] org.hibernate.orm.deprecation            : HHH90000025: PostgreSQLDialect does not need to be specified explicitly using 'hibernate.dialect' (remove the property setting and it will be selected by default)
2025-07-09T22:52:24.477-03:00  INFO 63182 --- [vr] [           main] org.hibernate.orm.connections.pooling    : HHH10001005: Database info:
	Database JDBC URL [Connecting through datasource 'HikariDataSource (HikariPool-1)']
	Database driver: undefined/unknown
	Database version: 17.2
	Autocommit mode: undefined/unknown
	Isolation level: undefined/unknown
	Minimum pool size: undefined/unknown
	Maximum pool size: undefined/unknown
2025-07-09T22:52:25.086-03:00  INFO 63182 --- [vr] [           main] o.h.e.t.j.p.i.JtaPlatformInitiator       : HHH000489: No JTA platform available (set 'hibernate.transaction.jta.platform' to enable JTA platform integration)
2025-07-09T22:52:25.111-03:00  INFO 63182 --- [vr] [           main] j.LocalContainerEntityManagerFactoryBean : Initialized JPA EntityManagerFactory for persistence unit 'default'
2025-07-09T22:52:25.334-03:00  INFO 63182 --- [vr] [           main] o.s.d.j.r.query.QueryEnhancerFactory     : Hibernate is in classpath; If applicable, HQL parser will be used.
2025-07-09T22:52:26.249-03:00  WARN 63182 --- [vr] [           main] JpaBaseConfiguration$JpaWebConfiguration : spring.jpa.open-in-view is enabled by default. Therefore, database queries may be performed during view rendering. Explicitly configure spring.jpa.open-in-view to disable this warning
2025-07-09T22:52:26.617-03:00  INFO 63182 --- [vr] [           main] br.com.frederico.vr.VrApplicationTests   : Started VrApplicationTests in 3.972 seconds (process running for 4.794)
]]></system-out>
    <system-err><![CDATA[Mockito is currently self-attaching to enable the inline-mock-maker. This will no longer work in future releases of the JDK. Please add Mockito as an agent to your build as described in Mockito's documentation: https://javadoc.io/doc/org.mockito/mockito-core/latest/org.mockito/org/mockito/Mockito.html#0.3
WARNING: A Java agent has been loaded dynamically (/Users/fredericocarvalhodealmeidaazevedo/.m2/repository/net/bytebuddy/byte-buddy-agent/1.17.6/byte-buddy-agent-1.17.6.jar)
WARNING: If a serviceability tool is in use, please run with -XX:+EnableDynamicAgentLoading to hide this warning
WARNING: If a serviceability tool is not in use, please run with -Djdk.instrument.traceUsage for more information
WARNING: Dynamic loading of agents will be disallowed by default in a future release
]]></system-err>
  </testcase>
</testsuite>